<?xml version="1.0" encoding="UTF-8"?>
<!-- Generated by org.testng.reporters.JUnitReportReporter -->
<testsuite hostname="YULIA" failures="0" tests="3" name="testCases.LoginPageTest2" time="78.035" errors="0" timestamp="21 Dec 2021 01:58:56 GMT" skipped="0">
  <testcase classname="testCases.LoginPageTest2" name="loginToApp4" time="23.709"/>
  <testcase classname="testCases.LoginPageTest2" name="wrongLoginToApp3" time="23.740"/>
  <testcase classname="testCases.LoginPageTest2" name="loginToApp3" time="30.586"/>
</testsuite> <!-- testCases.LoginPageTest2 -->
