<?xml version="1.0" encoding="UTF-8"?>
<!-- Generated by org.testng.reporters.JUnitReportReporter -->
<testsuite hostname="YULIA" failures="0" tests="8" name="testCases.LoginPageTest" time="105.136" errors="0" timestamp="21 Dec 2021 01:58:56 GMT" skipped="4">
  <testcase classname="testCases.LoginPageTest" name="loginToApp" time="29.139"/>
  <testcase classname="testCases.LoginPageTest" name="retryTest" time="9.937">
    <skipped/>
  </testcase> <!-- retryTest -->
  <testcase classname="testCases.LoginPageTest" name="retryTest" time="9.297"/>
  <testcase classname="testCases.LoginPageTest" name="wrongLoginToApp" time="13.032"/>
  <testcase classname="testCases.LoginPageTest" name="wrongLoginToApp2" time="15.847"/>
  <testcase classname="testCases.LoginPageTest" name="retryTest" time="15.324">
    <skipped/>
  </testcase> <!-- retryTest -->
  <testcase classname="testCases.LoginPageTest" name="retryTest" time="12.560">
    <skipped/>
  </testcase> <!-- retryTest -->
  <testcase classname="testCases.LoginPageTest" name="loginToApp2">
    <skipped/>
  </testcase> <!-- loginToApp2 -->
</testsuite> <!-- testCases.LoginPageTest -->
