<?xml version="1.0" encoding="UTF-8"?>
<!-- Generated by org.testng.reporters.JUnitReportReporter -->
<testsuite hostname="YULIA" failures="0" tests="3" name="testCases.LoginPageTest3" time="83.732" errors="0" timestamp="21 Dec 2021 01:58:56 GMT" skipped="0">
  <testcase classname="testCases.LoginPageTest3" name="loginToApp6" time="24.418"/>
  <testcase classname="testCases.LoginPageTest3" name="loginToApp5" time="31.590"/>
  <testcase classname="testCases.LoginPageTest3" name="wrongLoginToApp6" time="27.724"/>
</testsuite> <!-- testCases.LoginPageTest3 -->
